2014-08-16 16:38:54,335 [main] ERROR o.e.m.w.i.WTPResourcesContentProvider - Error getting pipelined children
org.eclipse.core.internal.resources.ResourceException: Resource '/Calculadora' does not exist.
	at org.eclipse.core.internal.resources.Resource.checkExists(Resource.java:341) ~[na:na]
	at org.eclipse.core.internal.resources.Resource.checkAccessible(Resource.java:215) ~[na:na]
	at org.eclipse.core.internal.resources.Project.checkAccessible(Project.java:147) ~[na:na]
	at org.eclipse.core.internal.resources.Project.hasNature(Project.java:589) ~[na:na]
	at org.eclipse.m2e.wtp.internal.WTPResourcesContentProvider.getPipelinedChildren(WTPResourcesContentProvider.java:74) ~[na:na]
	at org.eclipse.ui.internal.navigator.extensions.SafeDelegateTreeContentProvider.getPipelinedChildren(SafeDelegateTreeContentProvider.java:178) [org.eclipse.ui.navigator_3.5.300.v20130517-0139.jar:na]
	at org.eclipse.ui.internal.navigator.NavigatorContentServiceContentProvider.pipelineChildren(NavigatorContentServiceContentProvider.java:206) [org.eclipse.ui.navigator_3.5.300.v20130517-0139.jar:na]
	at org.eclipse.ui.internal.navigator.NavigatorContentServiceContentProvider.access$1(NavigatorContentServiceContentProvider.java:192) [org.eclipse.ui.navigator_3.5.300.v20130517-0139.jar:na]
	at org.eclipse.ui.internal.navigator.NavigatorContentServiceContentProvider$1.run(NavigatorContentServiceContentProvider.java:161) [org.eclipse.ui.navigator_3.5.300.v20130517-0139.jar:na]
	at org.eclipse.core.runtime.SafeRunner.run(SafeRunner.java:42) [org.eclipse.equinox.common_3.6.200.v20130402-1505.jar:na]
	at org.eclipse.ui.internal.navigator.NavigatorContentServiceContentProvider.internalGetChildren(NavigatorContentServiceContentProvider.java:139) [org.eclipse.ui.navigator_3.5.300.v20130517-0139.jar:na]
	at org.eclipse.ui.internal.navigator.NavigatorContentServiceContentProvider.getChildren(NavigatorContentServiceContentProvider.java:125) [org.eclipse.ui.navigator_3.5.300.v20130517-0139.jar:na]
	at org.eclipse.jface.viewers.AbstractTreeViewer.getRawChildren(AbstractTreeViewer.java:1367) [org.eclipse.jface_3.9.1.v20130725-1141.jar:na]
	at org.eclipse.jface.viewers.TreeViewer.getRawChildren(TreeViewer.java:391) [org.eclipse.jface_3.9.1.v20130725-1141.jar:na]
	at org.eclipse.jface.viewers.StructuredViewer.getFilteredChildren(StructuredViewer.java:917) [org.eclipse.jface_3.9.1.v20130725-1141.jar:na]
	at org.eclipse.jface.viewers.AbstractTreeViewer.getSortedChildren(AbstractTreeViewer.java:620) [org.eclipse.jface_3.9.1.v20130725-1141.jar:na]
	at org.eclipse.jface.viewers.AbstractTreeViewer$1.run(AbstractTreeViewer.java:818) [org.eclipse.jface_3.9.1.v20130725-1141.jar:na]
	at org.eclipse.swt.custom.BusyIndicator.showWhile(BusyIndicator.java:70) [org.eclipse.swt.win32.win32.x86_64_3.102.1.v20130827-2048.jar:na]
	at org.eclipse.jface.viewers.AbstractTreeViewer.createChildren(AbstractTreeViewer.java:797) [org.eclipse.jface_3.9.1.v20130725-1141.jar:na]
	at org.eclipse.jface.viewers.TreeViewer.createChildren(TreeViewer.java:644) [org.eclipse.jface_3.9.1.v20130725-1141.jar:na]
	at org.eclipse.jface.viewers.AbstractTreeViewer.createChildren(AbstractTreeViewer.java:768) [org.eclipse.jface_3.9.1.v20130725-1141.jar:na]
	at org.eclipse.jface.viewers.AbstractTreeViewer.setExpandedState(AbstractTreeViewer.java:2500) [org.eclipse.jface_3.9.1.v20130725-1141.jar:na]
	at org.eclipse.wst.jsdt.internal.ui.navigator.OpenAndExpand.expand(OpenAndExpand.java:260) [org.eclipse.wst.jsdt.ui_1.1.400.v201308141852.jar:na]
	at org.eclipse.wst.jsdt.internal.ui.navigator.OpenAndExpand.run(OpenAndExpand.java:46) [org.eclipse.wst.jsdt.ui_1.1.400.v201308141852.jar:na]
	at org.eclipse.ui.actions.RetargetAction.run(RetargetAction.java:221) [org.eclipse.ui.workbench_3.105.1.v20130821-1411.jar:na]
	at org.eclipse.ui.navigator.CommonNavigatorManager$3.open(CommonNavigatorManager.java:185) [org.eclipse.ui.navigator_3.5.300.v20130517-0139.jar:na]
	at org.eclipse.ui.OpenAndLinkWithEditorHelper$InternalListener.open(OpenAndLinkWithEditorHelper.java:47) [org.eclipse.ui.workbench_3.105.1.v20130821-1411.jar:na]
	at org.eclipse.jface.viewers.StructuredViewer$2.run(StructuredViewer.java:866) [org.eclipse.jface_3.9.1.v20130725-1141.jar:na]
	at org.eclipse.core.runtime.SafeRunner.run(SafeRunner.java:42) [org.eclipse.equinox.common_3.6.200.v20130402-1505.jar:na]
	at org.eclipse.ui.internal.JFaceUtil$1.run(JFaceUtil.java:49) [org.eclipse.ui.workbench_3.105.1.v20130821-1411.jar:na]
	at org.eclipse.jface.util.SafeRunnable.run(SafeRunnable.java:175) [org.eclipse.jface_3.9.1.v20130725-1141.jar:na]
	at org.eclipse.jface.viewers.StructuredViewer.fireOpen(StructuredViewer.java:864) [org.eclipse.jface_3.9.1.v20130725-1141.jar:na]
	at org.eclipse.jface.viewers.StructuredViewer.handleOpen(StructuredViewer.java:1152) [org.eclipse.jface_3.9.1.v20130725-1141.jar:na]
	at org.eclipse.ui.navigator.CommonViewer.handleOpen(CommonViewer.java:462) [org.eclipse.ui.navigator_3.5.300.v20130517-0139.jar:na]
	at org.eclipse.jface.viewers.StructuredViewer$6.handleOpen(StructuredViewer.java:1256) [org.eclipse.jface_3.9.1.v20130725-1141.jar:na]
	at org.eclipse.jface.util.OpenStrategy.fireOpenEvent(OpenStrategy.java:275) [org.eclipse.jface_3.9.1.v20130725-1141.jar:na]
	at org.eclipse.jface.util.OpenStrategy.access$2(OpenStrategy.java:269) [org.eclipse.jface_3.9.1.v20130725-1141.jar:na]
	at org.eclipse.jface.util.OpenStrategy$1.handleEvent(OpenStrategy.java:309) [org.eclipse.jface_3.9.1.v20130725-1141.jar:na]
	at org.eclipse.swt.widgets.EventTable.sendEvent(EventTable.java:84) [org.eclipse.swt.win32.win32.x86_64_3.102.1.v20130827-2048.jar:na]
	at org.eclipse.swt.widgets.Widget.sendEvent(Widget.java:1057) [org.eclipse.swt.win32.win32.x86_64_3.102.1.v20130827-2048.jar:na]
	at org.eclipse.swt.widgets.Display.runDeferredEvents(Display.java:4170) [org.eclipse.swt.win32.win32.x86_64_3.102.1.v20130827-2048.jar:na]
	at org.eclipse.swt.widgets.Display.readAndDispatch(Display.java:3759) [org.eclipse.swt.win32.win32.x86_64_3.102.1.v20130827-2048.jar:na]
	at org.eclipse.e4.ui.internal.workbench.swt.PartRenderingEngine$9.run(PartRenderingEngine.java:1113) [org.eclipse.e4.ui.workbench.swt_0.12.1.v20130815-1438.jar:na]
	at org.eclipse.core.databinding.observable.Realm.runWithDefault(Realm.java:332) [org.eclipse.core.databinding.observable_1.4.1.v20130515-1857.jar:na]
	at org.eclipse.e4.ui.internal.workbench.swt.PartRenderingEngine.run(PartRenderingEngine.java:997) [org.eclipse.e4.ui.workbench.swt_0.12.1.v20130815-1438.jar:na]
	at org.eclipse.e4.ui.internal.workbench.E4Workbench.createAndRunUI(E4Workbench.java:138) [org.eclipse.e4.ui.workbench_1.0.1.v20130910-2014.jar:na]
	at org.eclipse.ui.internal.Workbench$5.run(Workbench.java:610) [org.eclipse.ui.workbench_3.105.1.v20130821-1411.jar:na]
	at org.eclipse.core.databinding.observable.Realm.runWithDefault(Realm.java:332) [org.eclipse.core.databinding.observable_1.4.1.v20130515-1857.jar:na]
	at org.eclipse.ui.internal.Workbench.createAndRunWorkbench(Workbench.java:567) [org.eclipse.ui.workbench_3.105.1.v20130821-1411.jar:na]
	at org.eclipse.ui.PlatformUI.createAndRunWorkbench(PlatformUI.java:150) [org.eclipse.ui.workbench_3.105.1.v20130821-1411.jar:na]
	at org.eclipse.ui.internal.ide.application.IDEApplication.start(IDEApplication.java:124) [org.eclipse.ui.ide.application_1.0.400.v20130326-1250.jar:na]
	at org.eclipse.equinox.internal.app.EclipseAppHandle.run(EclipseAppHandle.java:196) [org.eclipse.equinox.app_1.3.100.v20130327-1442.jar:na]
	at org.eclipse.core.runtime.internal.adaptor.EclipseAppLauncher.runApplication(EclipseAppLauncher.java:110) [org.eclipse.osgi_3.9.1.v20130814-1242.jar:na]
	at org.eclipse.core.runtime.internal.adaptor.EclipseAppLauncher.start(EclipseAppLauncher.java:79) [org.eclipse.osgi_3.9.1.v20130814-1242.jar:na]
	at org.eclipse.core.runtime.adaptor.EclipseStarter.run(EclipseStarter.java:354) [org.eclipse.osgi_3.9.1.v20130814-1242.jar:na]
	at org.eclipse.core.runtime.adaptor.EclipseStarter.run(EclipseStarter.java:181) [org.eclipse.osgi_3.9.1.v20130814-1242.jar:na]
	at sun.reflect.NativeMethodAccessorImpl.invoke0(Native Method) ~[na:1.7.0_06]
	at sun.reflect.NativeMethodAccessorImpl.invoke(Unknown Source) ~[na:1.7.0_06]
	at sun.reflect.DelegatingMethodAccessorImpl.invoke(Unknown Source) ~[na:1.7.0_06]
	at java.lang.reflect.Method.invoke(Unknown Source) ~[na:1.7.0_06]
	at org.eclipse.equinox.launcher.Main.invokeFramework(Main.java:636) [org.eclipse.equinox.launcher_1.3.0.v20130327-1440.jar:na]
	at org.eclipse.equinox.launcher.Main.basicRun(Main.java:591) [org.eclipse.equinox.launcher_1.3.0.v20130327-1440.jar:na]
	at org.eclipse.equinox.launcher.Main.run(Main.java:1450) [org.eclipse.equinox.launcher_1.3.0.v20130327-1440.jar:na]
	at org.eclipse.equinox.launcher.Main.main(Main.java:1426) [org.eclipse.equinox.launcher_1.3.0.v20130327-1440.jar:na]
2014-09-10 09:40:21,921 [main] INFO  org.eclipse.jetty.server.Server - jetty-8.1.10.v20130312
2014-09-10 09:40:22,077 [main] INFO  o.e.jetty.server.AbstractConnector - Started SelectChannelConnector@0.0.0.0:50030
2014-09-10 09:45:07,685 [main] INFO  o.e.j.server.handler.ContextHandler - stopped o.e.j.s.ServletContextHandler{/wse,null}
